<?xml version="1.0" encoding="UTF-8"?>
<testng-results skipped="0" failed="0" total="3" passed="3">
  <reporter-output>
  </reporter-output>
  <suite name="Surefire suite" duration-ms="120" started-at="2022-07-19T05:10:37Z" finished-at="2022-07-19T05:10:37Z">
    <groups>
    </groups>
    <test name="Surefire test" duration-ms="120" started-at="2022-07-19T05:10:37Z" finished-at="2022-07-19T05:10:37Z">
      <class name="mavenTestNG.MavenPractice2Test">
        <test-method status="PASS" signature="maven4Test()[pri:0, instance:mavenTestNG.MavenPractice2Test@1e88b3c]" name="maven4Test" duration-ms="90" started-at="2022-07-19T10:40:37Z" finished-at="2022-07-19T10:40:37Z">
          <reporter-output>
          </reporter-output>
        </test-method> <!-- maven4Test -->
        <test-method status="PASS" signature="maven5Test()[pri:0, instance:mavenTestNG.MavenPractice2Test@1e88b3c]" name="maven5Test" duration-ms="1" started-at="2022-07-19T10:40:37Z" finished-at="2022-07-19T10:40:37Z">
          <reporter-output>
          </reporter-output>
        </test-method> <!-- maven5Test -->
        <test-method status="PASS" signature="maven6Test()[pri:0, instance:mavenTestNG.MavenPractice2Test@1e88b3c]" name="maven6Test" duration-ms="2" started-at="2022-07-19T10:40:37Z" finished-at="2022-07-19T10:40:37Z">
          <reporter-output>
          </reporter-output>
        </test-method> <!-- maven6Test -->
      </class> <!-- mavenTestNG.MavenPractice2Test -->
    </test> <!-- Surefire test -->
  </suite> <!-- Surefire suite -->
</testng-results>
