<?xml version="1.0" encoding="UTF-8"?>
<!-- Generated by org.testng.reporters.JUnitXMLReporter -->
<testsuite hostname="DESKTOP-5N7435V" failures="0" tests="3" name="Default test" time="0.065" errors="0" timestamp="18 Jul 2022 11:03:00 GMT">
  <testcase classname="mavenTestNG.MavenPractice1Test" name="maven1Test" time="0.022"/>
  <testcase classname="mavenTestNG.MavenPractice1Test" name="maven3Test" time="0.002"/>
  <testcase classname="mavenTestNG.MavenPractice1Test" name="maven2Test" time="0.003"/>
</testsuite> <!-- Default test -->
