<?xml version="1.0" encoding="UTF-8"?>
<!-- Generated by org.testng.reporters.JUnitXMLReporter -->
<testsuite hostname="DESKTOP-5N7435V" name="Surefire test" tests="3" failures="0" timestamp="19 Jul 2022 05:10:38 GMT" time="0.12" errors="0">
  <testcase name="maven4Test" time="0.09" classname="mavenTestNG.MavenPractice2Test"/>
  <testcase name="maven5Test" time="0.001" classname="mavenTestNG.MavenPractice2Test"/>
  <testcase name="maven6Test" time="0.002" classname="mavenTestNG.MavenPractice2Test"/>
</testsuite> <!-- Surefire test -->
